<?xml version="1.0" encoding="UTF-8"?>
<testng-results ignored="0" total="1" passed="1" failed="0" skipped="0">
  <reporter-output>
  </reporter-output>
  <suite started-at="2025-04-30T16:47:22 IST" name="Default suite" finished-at="2025-04-30T16:47:29 IST" duration-ms="7611">
    <groups>
    </groups>
    <test started-at="2025-04-30T16:47:22 IST" name="Default test" finished-at="2025-04-30T16:47:29 IST" duration-ms="7611">
      <class name="goRestApi.GetDeleteUserTestFlow">
        <test-method signature="updateUserTest()[pri:0, instance:goRestApi.GetDeleteUserTestFlow@6221a451]" started-at="2025-04-30T16:47:22 IST" name="updateUserTest" finished-at="2025-04-30T16:47:29 IST" duration-ms="7508" status="PASS">
          <reporter-output>
          </reporter-output>
        </test-method> <!-- updateUserTest -->
      </class> <!-- goRestApi.GetDeleteUserTestFlow -->
    </test> <!-- Default test -->
  </suite> <!-- Default suite -->
</testng-results>
